<?xml version="1.0" encoding="UTF-8"?>
<!-- Generated by org.testng.reporters.JUnitXMLReporter -->
<testsuite hostname="RAJESH-PC" ignored="0" name="Default test" tests="3" failures="0" timestamp="01 Jul 2018 11:26:01 GMT" time="8.099" errors="0">
  <testcase name="verifyloginUIElements" time="0.068" classname="com.vTiger.TestCases.verifyLoginTestCases"/>
  <testcase name="verifyInvalidLogin" time="0.926" classname="com.vTiger.TestCases.verifyLoginTestCases"/>
  <testcase name="verifyValidLogin" time="2.52" classname="com.vTiger.TestCases.verifyLoginTestCases"/>
</testsuite> <!-- Default test -->
