<?xml version="1.0" encoding="UTF-8"?>
<!-- Generated by org.testng.reporters.JUnitXMLReporter -->
<testsuite hostname="RAJESH-PC" name="Test" tests="4" failures="0" timestamp="8 Jul 2018 11:40:39 GMT" time="24.613" errors="0">
  <testcase name="verifyInvalidLogin" time="1.075" classname="com.vTiger.TestCases.verifyLoginTestCases"/>
  <testcase name="verifyloginUIElements" time="0.045" classname="com.vTiger.TestCases.verifyLoginTestCases"/>
  <testcase name="verifyValidLogin" time="2.616" classname="com.vTiger.TestCases.verifyLoginTestCases"/>
  <testcase name="verifyE2ELeads" time="11.402" classname="com.vTiger.TestCases.E2ELeadFunctionality"/>
</testsuite> <!-- Test -->
