<?xml version="1.0" encoding="UTF-8"?>
<!-- Generated by org.testng.reporters.JUnitXMLReporter -->
<testsuite hostname="RAJESH-PC" ignored="0" name="Test" tests="4" failures="0" timestamp="07 Jul 2018 11:16:54 GMT" time="31.892" errors="0">
  <testcase name="verifyInvalidLogin" time="1.529" classname="com.vTiger.TestCases.verifyLoginTestCases"/>
  <testcase name="verifyloginUIElements" time="0.075" classname="com.vTiger.TestCases.verifyLoginTestCases"/>
  <testcase name="verifyValidLogin" time="3.189" classname="com.vTiger.TestCases.verifyLoginTestCases"/>
  <testcase name="verifyE2ELeads" time="12.406" classname="com.vTiger.TestCases.E2ELeadFunctionality"/>
</testsuite> <!-- Test -->
