<?xml version="1.0" encoding="UTF-8"?>
<testng-results skipped="0" failed="0" ignored="0" total="4" passed="4">
  <reporter-output>
  </reporter-output>
  <suite name="Suite" duration-ms="31892" started-at="2018-07-07T11:16:23Z" finished-at="2018-07-07T11:16:54Z">
    <groups>
    </groups>
    <test name="Test" duration-ms="31892" started-at="2018-07-07T11:16:23Z" finished-at="2018-07-07T11:16:54Z">
      <class name="com.vTiger.TestCases.E2ELeadFunctionality">
        <test-method status="PASS" signature="lauchApp()[pri:0, instance:com.vTiger.TestCases.E2ELeadFunctionality@651fd0]" name="lauchApp" is-config="true" duration-ms="5620" started-at="2018-07-07T16:46:36Z" finished-at="2018-07-07T16:46:41Z">
          <reporter-output>
          </reporter-output>
        </test-method> <!-- lauchApp -->
        <test-method status="PASS" signature="verifyE2ELeads()[pri:0, instance:com.vTiger.TestCases.E2ELeadFunctionality@651fd0]" name="verifyE2ELeads" duration-ms="12406" started-at="2018-07-07T16:46:41Z" finished-at="2018-07-07T16:46:54Z">
          <reporter-output>
          </reporter-output>
        </test-method> <!-- verifyE2ELeads -->
        <test-method status="PASS" signature="closeApp()[pri:0, instance:com.vTiger.TestCases.E2ELeadFunctionality@651fd0]" name="closeApp" is-config="true" duration-ms="706" started-at="2018-07-07T16:46:54Z" finished-at="2018-07-07T16:46:54Z">
          <reporter-output>
          </reporter-output>
        </test-method> <!-- closeApp -->
      </class> <!-- com.vTiger.TestCases.E2ELeadFunctionality -->
      <class name="com.vTiger.TestCases.verifyLoginTestCases">
        <test-method status="PASS" signature="lauchApp()[pri:0, instance:com.vTiger.TestCases.verifyLoginTestCases@ee68d8]" name="lauchApp" is-config="true" duration-ms="7499" started-at="2018-07-07T16:46:23Z" finished-at="2018-07-07T16:46:30Z">
          <reporter-output>
          </reporter-output>
        </test-method> <!-- lauchApp -->
        <test-method status="PASS" signature="verifyInvalidLogin()[pri:0, instance:com.vTiger.TestCases.verifyLoginTestCases@ee68d8]" name="verifyInvalidLogin" duration-ms="1529" started-at="2018-07-07T16:46:30Z" finished-at="2018-07-07T16:46:32Z">
          <reporter-output>
          </reporter-output>
        </test-method> <!-- verifyInvalidLogin -->
        <test-method status="PASS" signature="verifyloginUIElements()[pri:0, instance:com.vTiger.TestCases.verifyLoginTestCases@ee68d8]" name="verifyloginUIElements" duration-ms="75" started-at="2018-07-07T16:46:32Z" finished-at="2018-07-07T16:46:32Z">
          <reporter-output>
          </reporter-output>
        </test-method> <!-- verifyloginUIElements -->
        <test-method status="PASS" signature="verifyValidLogin()[pri:0, instance:com.vTiger.TestCases.verifyLoginTestCases@ee68d8]" name="verifyValidLogin" duration-ms="3189" started-at="2018-07-07T16:46:32Z" depends-on-methods="com.vTiger.TestCases.verifyLoginTestCases.verifyInvalidLogin" finished-at="2018-07-07T16:46:35Z">
          <reporter-output>
          </reporter-output>
        </test-method> <!-- verifyValidLogin -->
        <test-method status="PASS" signature="closeApp()[pri:0, instance:com.vTiger.TestCases.verifyLoginTestCases@ee68d8]" name="closeApp" is-config="true" duration-ms="830" started-at="2018-07-07T16:46:35Z" finished-at="2018-07-07T16:46:36Z">
          <reporter-output>
          </reporter-output>
        </test-method> <!-- closeApp -->
      </class> <!-- com.vTiger.TestCases.verifyLoginTestCases -->
    </test> <!-- Test -->
  </suite> <!-- Suite -->
</testng-results>
